<?xml version="1.0" encoding="UTF-8"?>
<TestRun id="f9d67473-5567-4c74-82fc-f1e909491e09" name="King Wilder@KINGWILDER-PC 2011-10-14 20:53:00" runUser="KingWilder-PC\King Wilder" xmlns="http://microsoft.com/schemas/VisualStudio/TeamTest/2010">
  <TestSettings name="Default Test Settings" id="ea90ca64-ca9e-4cec-9bab-da30d5c79370">
    <Deployment runDeploymentRoot="King Wilder_KINGWILDER-PC 2011-10-14 20_53_00">
      <DeploymentItem filename="C:\VSProjects\webgoat.mvc\webgoat.mvc\packages\MvcContrib.Mvc3.TestHelper-ci.3.0.89.0\lib\MvcContrib.TestHelper.dll" />
      <DeploymentItem filename="C:\VSProjects\webgoat.mvc\webgoat.mvc\packages\Mvc2Futures.2.0.50217.0\lib\Microsoft.Web.Mvc.dll" />
      <DeploymentItem filename="C:\VSProjects\webgoat.mvc\webgoat.mvc\packages\RhinoMocks.3.6\lib\Rhino.Mocks.dll" />
      <DeploymentItem filename="C:\VSProjects\webgoat.mvc\webgoat.mvc\packages\MvcContrib.2.0.95.0\lib\MvcContrib.dll" />
      <DeploymentItem filename="C:\VSProjects\webgoat.mvc\webgoat.mvc\WebGoat.MVC\bin\WebGoat.MVC.dll" />
    </Deployment>
    <Execution>
      <TestTypeSpecific />
      <AgentRule name="Execution Agents">
      </AgentRule>
    </Execution>
  </TestSettings>
  <Times creation="2011-10-14T20:53:00.3001815-07:00" queuing="2011-10-14T20:53:07.6976046-07:00" start="2011-10-14T20:53:08.3896442-07:00" finish="2011-10-14T20:53:10.7177774-07:00" />
  <ResultSummary outcome="Failed">
    <Counters total="1" executed="1" error="0" failed="1" timeout="0" aborted="0" inconclusive="0" passedButRunAborted="0" notRunnable="0" notExecuted="0" disconnected="0" warning="0" passed="0" completed="0" inProgress="0" pending="0" />
  </ResultSummary>
  <TestDefinitions>
    <UnitTest name="security_redirect1_calls_UnvalidatedRedirectsAndForwards1_action" storage="c:\vsprojects\webgoat.mvc\webgoat.mvc\webgoat.mvc.tests\bin\debug\webgoat.mvc.tests.dll" id="da95f305-ba2d-602e-1997-1170a86f97f2">
      <Execution id="5d7eae28-4a2e-46ed-a70a-33a0b9a0d7d9" />
      <TestMethod codeBase="C:/VSProjects/webgoat.mvc/webgoat.mvc/WebGoat.MVC.Tests/bin/Debug/WebGoat.MVC.Tests.DLL" adapterTypeName="Microsoft.VisualStudio.TestTools.TestTypes.Unit.UnitTestAdapter, Microsoft.VisualStudio.QualityTools.Tips.UnitTest.Adapter, Version=10.0.0.0, Culture=neutral, PublicKeyToken=b03f5f7f11d50a3a" className="WebGoat.MVC.Tests.Controllers.SecurityControllerTests, WebGoat.MVC.Tests, Version=1.0.0.0, Culture=neutral, PublicKeyToken=null" name="security_redirect1_calls_UnvalidatedRedirectsAndForwards1_action" />
    </UnitTest>
  </TestDefinitions>
  <TestLists>
    <TestList name="Results Not in a List" id="8c84fa94-04c1-424b-9868-57a2d4851a1d" />
    <TestList name="All Loaded Results" id="19431567-8539-422a-85d7-44ee4e166bda" />
  </TestLists>
  <TestEntries>
    <TestEntry testId="da95f305-ba2d-602e-1997-1170a86f97f2" executionId="5d7eae28-4a2e-46ed-a70a-33a0b9a0d7d9" testListId="8c84fa94-04c1-424b-9868-57a2d4851a1d" />
  </TestEntries>
  <Results>
    <UnitTestResult executionId="5d7eae28-4a2e-46ed-a70a-33a0b9a0d7d9" testId="da95f305-ba2d-602e-1997-1170a86f97f2" testName="security_redirect1_calls_UnvalidatedRedirectsAndForwards1_action" computerName="KINGWILDER-PC" duration="00:00:01.4759281" startTime="2011-10-14T20:53:08.6346582-07:00" endTime="2011-10-14T20:53:10.5707690-07:00" testType="13cdc9d9-ddb5-4fa4-a97d-d965ccfc6d4b" outcome="Failed" testListId="8c84fa94-04c1-424b-9868-57a2d4851a1d" relativeResultsDirectory="5d7eae28-4a2e-46ed-a70a-33a0b9a0d7d9">
      <Output>
        <ErrorInfo>
          <Message>Test method WebGoat.MVC.Tests.Controllers.SecurityControllerTests.security_redirect1_calls_UnvalidatedRedirectsAndForwards1_action threw exception: 
MvcContrib.TestHelper.AssertionException: The URL did not match any route</Message>
          <StackTrace>    at WebGoat.MVC.Tests.Controllers.SecurityControllerTests.security_redirect1_calls_UnvalidatedRedirectsAndForwards1_action() in C:\VSProjects\webgoat.mvc\webgoat.mvc\WebGoat.MVC.Tests\Controllers\SecurityControllerTests.cs:line 17
</StackTrace>
        </ErrorInfo>
      </Output>
    </UnitTestResult>
  </Results>
</TestRun>